Added Component: Designator=*1(TEST 1.2)
Add component. Clean all parameters for all variants
Add component (AddParameter): Name = "BOM名称"; Value = "探针焊盘"; VariantName = "[No Variations]"
Add component (AddParameter): Name = "联系下单店铺卖家 免费技术支持"; Value = "联系下单店铺卖家 免费帮你查找封装"; VariantName = "[No Variations]"
Added Component: Designator=*2(TEST 1.2)
Add component. Clean all parameters for all variants
Add component (AddParameter): Name = "BOM名称"; Value = "探针焊盘"; VariantName = "[No Variations]"
Add component (AddParameter): Name = "联系下单店铺卖家 免费技术支持"; Value = "联系下单店铺卖家 免费帮你查找封装"; VariantName = "[No Variations]"
Added Component: Designator=*3(TEST 1.2)
Add component. Clean all parameters for all variants
Add component (AddParameter): Name = "BOM名称"; Value = "探针焊盘"; VariantName = "[No Variations]"
Add component (AddParameter): Name = "联系下单店铺卖家 免费技术支持"; Value = "联系下单店铺卖家 免费帮你查找封装"; VariantName = "[No Variations]"
Added Component: Designator=*4(TEST 1.2)
Add component. Clean all parameters for all variants
Add component (AddParameter): Name = "BOM名称"; Value = "探针焊盘"; VariantName = "[No Variations]"
Add component (AddParameter): Name = "联系下单店铺卖家 免费技术支持"; Value = "联系下单店铺卖家 免费帮你查找封装"; VariantName = "[No Variations]"
Added Component: Designator=*5(TEST 1.2)
Add component. Clean all parameters for all variants
Add component (AddParameter): Name = "BOM名称"; Value = "探针焊盘"; VariantName = "[No Variations]"
Add component (AddParameter): Name = "联系下单店铺卖家 免费技术支持"; Value = "联系下单店铺卖家 免费帮你查找封装"; VariantName = "[No Variations]"
Added Component: Designator=*6(TEST 1.2)
Add component. Clean all parameters for all variants
Add component (AddParameter): Name = "BOM名称"; Value = "探针焊盘"; VariantName = "[No Variations]"
Add component (AddParameter): Name = "联系下单店铺卖家 免费技术支持"; Value = "联系下单店铺卖家 免费帮你查找封装"; VariantName = "[No Variations]"
Added Component: Designator=*7(TEST 1.2)
Add component. Clean all parameters for all variants
Add component (AddParameter): Name = "BOM名称"; Value = "探针焊盘"; VariantName = "[No Variations]"
Add component (AddParameter): Name = "联系下单店铺卖家 免费技术支持"; Value = "联系下单店铺卖家 免费帮你查找封装"; VariantName = "[No Variations]"
Added Component: Designator=*8(TEST 1.2)
Add component. Clean all parameters for all variants
Add component (AddParameter): Name = "BOM名称"; Value = "探针焊盘"; VariantName = "[No Variations]"
Add component (AddParameter): Name = "联系下单店铺卖家 免费技术支持"; Value = "联系下单店铺卖家 免费帮你查找封装"; VariantName = "[No Variations]"
Added Component: Designator=*9(TEST 1.2)
Add component. Clean all parameters for all variants
Add component (AddParameter): Name = "BOM名称"; Value = "探针焊盘"; VariantName = "[No Variations]"
Add component (AddParameter): Name = "联系下单店铺卖家 免费技术支持"; Value = "联系下单店铺卖家 免费帮你查找封装"; VariantName = "[No Variations]"
Added Component: Designator=*10(TEST 1.2)
Add component. Clean all parameters for all variants
Add component (AddParameter): Name = "BOM名称"; Value = "探针焊盘"; VariantName = "[No Variations]"
Add component (AddParameter): Name = "联系下单店铺卖家 免费技术支持"; Value = "联系下单店铺卖家 免费帮你查找封装"; VariantName = "[No Variations]"
Added Component: Designator=*11(TEST 1.2)
Add component. Clean all parameters for all variants
Add component (AddParameter): Name = "BOM名称"; Value = "探针焊盘"; VariantName = "[No Variations]"
Add component (AddParameter): Name = "联系下单店铺卖家 免费技术支持"; Value = "联系下单店铺卖家 免费帮你查找封装"; VariantName = "[No Variations]"
Added Component: Designator=*12(TEST 1.2)
Add component. Clean all parameters for all variants
Add component (AddParameter): Name = "BOM名称"; Value = "探针焊盘"; VariantName = "[No Variations]"
Add component (AddParameter): Name = "联系下单店铺卖家 免费技术支持"; Value = "联系下单店铺卖家 免费帮你查找封装"; VariantName = "[No Variations]"
Added Component: Designator=C1(C0603_L)
Add component. Clean all parameters for all variants
Add component (AddParameter): Name = "BOM名称"; Value = "无极性贴片电容"; VariantName = "[No Variations]"
Add component (AddParameter): Name = "联系下单店铺卖家 免费帮你查找封装"; Value = "联系下单店铺卖家 免费技术支持"; VariantName = "[No Variations]"
Added Component: Designator=C2(C0603_L)
Add component. Clean all parameters for all variants
Add component (AddParameter): Name = "BOM名称"; Value = "无极性贴片电容"; VariantName = "[No Variations]"
Add component (AddParameter): Name = "联系下单店铺卖家 免费帮你查找封装"; Value = "联系下单店铺卖家 免费技术支持"; VariantName = "[No Variations]"
Added Component: Designator=C3(C0603_L)
Add component. Clean all parameters for all variants
Add component (AddParameter): Name = "BOM名称"; Value = "无极性贴片电容"; VariantName = "[No Variations]"
Add component (AddParameter): Name = "联系下单店铺卖家 免费帮你查找封装"; Value = "联系下单店铺卖家 免费技术支持"; VariantName = "[No Variations]"
Added Component: Designator=C4(C0603_L)
Add component. Clean all parameters for all variants
Add component (AddParameter): Name = "BOM名称"; Value = "无极性贴片电容"; VariantName = "[No Variations]"
Add component (AddParameter): Name = "联系下单店铺卖家 免费帮你查找封装"; Value = "联系下单店铺卖家 免费技术支持"; VariantName = "[No Variations]"
Added Component: Designator=C5(C0603_L)
Add component. Clean all parameters for all variants
Add component (AddParameter): Name = "BOM名称"; Value = "无极性贴片电容"; VariantName = "[No Variations]"
Add component (AddParameter): Name = "联系下单店铺卖家 免费帮你查找封装"; Value = "联系下单店铺卖家 免费技术支持"; VariantName = "[No Variations]"
Added Component: Designator=C6(C0603_L)
Add component. Clean all parameters for all variants
Add component (AddParameter): Name = "BOM名称"; Value = "无极性贴片电容"; VariantName = "[No Variations]"
Add component (AddParameter): Name = "联系下单店铺卖家 免费帮你查找封装"; Value = "联系下单店铺卖家 免费技术支持"; VariantName = "[No Variations]"
Added Component: Designator=C7(C0603_L)
Add component. Clean all parameters for all variants
Add component (AddParameter): Name = "BOM名称"; Value = "无极性贴片电容"; VariantName = "[No Variations]"
Add component (AddParameter): Name = "联系下单店铺卖家 免费帮你查找封装"; Value = "联系下单店铺卖家 免费技术支持"; VariantName = "[No Variations]"
Added Component: Designator=C8(C0603_L)
Add component. Clean all parameters for all variants
Add component (AddParameter): Name = "BOM名称"; Value = "无极性贴片电容"; VariantName = "[No Variations]"
Add component (AddParameter): Name = "联系下单店铺卖家 免费帮你查找封装"; Value = "联系下单店铺卖家 免费技术支持"; VariantName = "[No Variations]"
Added Component: Designator=C9(C0603_L)
Add component. Clean all parameters for all variants
Add component (AddParameter): Name = "BOM名称"; Value = "无极性贴片电容"; VariantName = "[No Variations]"
Add component (AddParameter): Name = "联系下单店铺卖家 免费帮你查找封装"; Value = "联系下单店铺卖家 免费技术支持"; VariantName = "[No Variations]"
Added Component: Designator=C10(C0603_L)
Add component. Clean all parameters for all variants
Add component (AddParameter): Name = "BOM名称"; Value = "无极性贴片电容"; VariantName = "[No Variations]"
Add component (AddParameter): Name = "联系下单店铺卖家 免费帮你查找封装"; Value = "联系下单店铺卖家 免费技术支持"; VariantName = "[No Variations]"
Added Component: Designator=C11(C0603_L)
Add component. Clean all parameters for all variants
Add component (AddParameter): Name = "BOM名称"; Value = "无极性贴片电容"; VariantName = "[No Variations]"
Add component (AddParameter): Name = "联系下单店铺卖家 免费帮你查找封装"; Value = "联系下单店铺卖家 免费技术支持"; VariantName = "[No Variations]"
Added Component: Designator=C12(C0603_L)
Add component. Clean all parameters for all variants
Add component (AddParameter): Name = "BOM名称"; Value = "无极性贴片电容"; VariantName = "[No Variations]"
Add component (AddParameter): Name = "联系下单店铺卖家 免费帮你查找封装"; Value = "联系下单店铺卖家 免费技术支持"; VariantName = "[No Variations]"
Added Component: Designator=D1(SMA)
Add component. Clean all parameters for all variants
Add component (AddParameter): Name = "当前库版本V2023.10.25 @淘宝卖家:黄晶宝石"; Value = "最新版本发布https://item.taobao.com/item.htm?id=566775463719"; VariantName = "[No Variations]"
Added Component: Designator=D2(SMA)
Add component. Clean all parameters for all variants
Add component (AddParameter): Name = "当前库版本V2023.10.25 @淘宝卖家:黄晶宝石"; Value = "最新版本发布https://item.taobao.com/item.htm?id=566775463719"; VariantName = "[No Variations]"
Added Component: Designator=D3(SMA)
Add component. Clean all parameters for all variants
Add component (AddParameter): Name = "当前库版本V2023.10.25 @淘宝卖家:黄晶宝石"; Value = "最新版本发布https://item.taobao.com/item.htm?id=566775463719"; VariantName = "[No Variations]"
Added Component: Designator=D4(SMA)
Add component. Clean all parameters for all variants
Add component (AddParameter): Name = "当前库版本V2023.10.25 @淘宝卖家:黄晶宝石"; Value = "最新版本发布https://item.taobao.com/item.htm?id=566775463719"; VariantName = "[No Variations]"
Added Component: Designator=D5(LED0603_R)
Add component. Clean all parameters for all variants
Add component (AddParameter): Name = "LatestRevisionDate"; Value = "08-Jul-2005"; VariantName = "[No Variations]"
Add component (AddParameter): Name = "LatestRevisionNote"; Value = "Mech Layer 1 removed."; VariantName = "[No Variations]"
Add component (AddParameter): Name = "PackageReference"; Value = "LED-0"; VariantName = "[No Variations]"
Add component (AddParameter): Name = "Published"; Value = "8-Jun-2000"; VariantName = "[No Variations]"
Add component (AddParameter): Name = "Publisher"; Value = "Altium Limited"; VariantName = "[No Variations]"
Added Component: Designator=D6(LED0603_R)
Add component. Clean all parameters for all variants
Add component (AddParameter): Name = "LatestRevisionDate"; Value = "08-Jul-2005"; VariantName = "[No Variations]"
Add component (AddParameter): Name = "LatestRevisionNote"; Value = "Mech Layer 1 removed."; VariantName = "[No Variations]"
Add component (AddParameter): Name = "PackageReference"; Value = "LED-0"; VariantName = "[No Variations]"
Add component (AddParameter): Name = "Published"; Value = "8-Jun-2000"; VariantName = "[No Variations]"
Add component (AddParameter): Name = "Publisher"; Value = "Altium Limited"; VariantName = "[No Variations]"
Added Component: Designator=D7(SMA)
Add component. Clean all parameters for all variants
Add component (AddParameter): Name = "当前库版本V2023.10.25 @淘宝卖家:黄晶宝石"; Value = "最新版本发布https://item.taobao.com/item.htm?id=566775463719"; VariantName = "[No Variations]"
Added Component: Designator=D8(SMA)
Add component. Clean all parameters for all variants
Add component (AddParameter): Name = "当前库版本V2023.10.25 @淘宝卖家:黄晶宝石"; Value = "最新版本发布https://item.taobao.com/item.htm?id=566775463719"; VariantName = "[No Variations]"
Added Component: Designator=D9(SMA)
Add component. Clean all parameters for all variants
Add component (AddParameter): Name = "当前库版本V2023.10.25 @淘宝卖家:黄晶宝石"; Value = "最新版本发布https://item.taobao.com/item.htm?id=566775463719"; VariantName = "[No Variations]"
Added Component: Designator=D10(SMA)
Add component. Clean all parameters for all variants
Add component (AddParameter): Name = "当前库版本V2023.10.25 @淘宝卖家:黄晶宝石"; Value = "最新版本发布https://item.taobao.com/item.htm?id=566775463719"; VariantName = "[No Variations]"
Added Component: Designator=D11(LED0603_R)
Add component. Clean all parameters for all variants
Add component (AddParameter): Name = "LatestRevisionDate"; Value = "08-Jul-2005"; VariantName = "[No Variations]"
Add component (AddParameter): Name = "LatestRevisionNote"; Value = "Mech Layer 1 removed."; VariantName = "[No Variations]"
Add component (AddParameter): Name = "PackageReference"; Value = "LED-0"; VariantName = "[No Variations]"
Add component (AddParameter): Name = "Published"; Value = "8-Jun-2000"; VariantName = "[No Variations]"
Add component (AddParameter): Name = "Publisher"; Value = "Altium Limited"; VariantName = "[No Variations]"
Added Component: Designator=D12(LED0603_R)
Add component. Clean all parameters for all variants
Add component (AddParameter): Name = "LatestRevisionDate"; Value = "08-Jul-2005"; VariantName = "[No Variations]"
Add component (AddParameter): Name = "LatestRevisionNote"; Value = "Mech Layer 1 removed."; VariantName = "[No Variations]"
Add component (AddParameter): Name = "PackageReference"; Value = "LED-0"; VariantName = "[No Variations]"
Add component (AddParameter): Name = "Published"; Value = "8-Jun-2000"; VariantName = "[No Variations]"
Add component (AddParameter): Name = "Publisher"; Value = "Altium Limited"; VariantName = "[No Variations]"
Added Component: Designator=D13(SMA)
Add component. Clean all parameters for all variants
Add component (AddParameter): Name = "当前库版本V2023.10.25 @淘宝卖家:黄晶宝石"; Value = "最新版本发布https://item.taobao.com/item.htm?id=566775463719"; VariantName = "[No Variations]"
Added Component: Designator=D14(SMA)
Add component. Clean all parameters for all variants
Add component (AddParameter): Name = "当前库版本V2023.10.25 @淘宝卖家:黄晶宝石"; Value = "最新版本发布https://item.taobao.com/item.htm?id=566775463719"; VariantName = "[No Variations]"
Added Component: Designator=D15(LED0603_R)
Add component. Clean all parameters for all variants
Add component (AddParameter): Name = "LatestRevisionDate"; Value = "08-Jul-2005"; VariantName = "[No Variations]"
Add component (AddParameter): Name = "LatestRevisionNote"; Value = "Mech Layer 1 removed."; VariantName = "[No Variations]"
Add component (AddParameter): Name = "PackageReference"; Value = "LED-0"; VariantName = "[No Variations]"
Add component (AddParameter): Name = "Published"; Value = "8-Jun-2000"; VariantName = "[No Variations]"
Add component (AddParameter): Name = "Publisher"; Value = "Altium Limited"; VariantName = "[No Variations]"
Added Component: Designator=D16(SMA)
Add component. Clean all parameters for all variants
Add component (AddParameter): Name = "当前库版本V2023.10.25 @淘宝卖家:黄晶宝石"; Value = "最新版本发布https://item.taobao.com/item.htm?id=566775463719"; VariantName = "[No Variations]"
Added Component: Designator=D17(SMA)
Add component. Clean all parameters for all variants
Add component (AddParameter): Name = "当前库版本V2023.10.25 @淘宝卖家:黄晶宝石"; Value = "最新版本发布https://item.taobao.com/item.htm?id=566775463719"; VariantName = "[No Variations]"
Added Component: Designator=D18(LED0603_R)
Add component. Clean all parameters for all variants
Add component (AddParameter): Name = "LatestRevisionDate"; Value = "08-Jul-2005"; VariantName = "[No Variations]"
Add component (AddParameter): Name = "LatestRevisionNote"; Value = "Mech Layer 1 removed."; VariantName = "[No Variations]"
Add component (AddParameter): Name = "PackageReference"; Value = "LED-0"; VariantName = "[No Variations]"
Add component (AddParameter): Name = "Published"; Value = "8-Jun-2000"; VariantName = "[No Variations]"
Add component (AddParameter): Name = "Publisher"; Value = "Altium Limited"; VariantName = "[No Variations]"
Added Component: Designator=E1(C_3528)
Add component. Clean all parameters for all variants
Add component (AddParameter): Name = "BOM名称"; Value = "贴片钽电容"; VariantName = "[No Variations]"
Add component (AddParameter): Name = "当前库版本V2023.10.25 @淘宝卖家:黄晶宝石"; Value = "最新版本发布https://item.taobao.com/item.htm?id=566775463719"; VariantName = "[No Variations]"
Add component (AddParameter): Name = "联系下单店铺卖家 免费帮你查找封装"; Value = "联系下单店铺卖家 免费技术支持"; VariantName = "[No Variations]"
Added Component: Designator=E2(C_3528)
Add component. Clean all parameters for all variants
Add component (AddParameter): Name = "BOM名称"; Value = "贴片钽电容"; VariantName = "[No Variations]"
Add component (AddParameter): Name = "当前库版本V2023.10.25 @淘宝卖家:黄晶宝石"; Value = "最新版本发布https://item.taobao.com/item.htm?id=566775463719"; VariantName = "[No Variations]"
Add component (AddParameter): Name = "联系下单店铺卖家 免费帮你查找封装"; Value = "联系下单店铺卖家 免费技术支持"; VariantName = "[No Variations]"
Added Component: Designator=E3(C_3528)
Add component. Clean all parameters for all variants
Add component (AddParameter): Name = "BOM名称"; Value = "贴片钽电容"; VariantName = "[No Variations]"
Add component (AddParameter): Name = "当前库版本V2023.10.25 @淘宝卖家:黄晶宝石"; Value = "最新版本发布https://item.taobao.com/item.htm?id=566775463719"; VariantName = "[No Variations]"
Add component (AddParameter): Name = "联系下单店铺卖家 免费帮你查找封装"; Value = "联系下单店铺卖家 免费技术支持"; VariantName = "[No Variations]"
Added Component: Designator=E4(C_3528)
Add component. Clean all parameters for all variants
Add component (AddParameter): Name = "BOM名称"; Value = "贴片钽电容"; VariantName = "[No Variations]"
Add component (AddParameter): Name = "当前库版本V2023.10.25 @淘宝卖家:黄晶宝石"; Value = "最新版本发布https://item.taobao.com/item.htm?id=566775463719"; VariantName = "[No Variations]"
Add component (AddParameter): Name = "联系下单店铺卖家 免费帮你查找封装"; Value = "联系下单店铺卖家 免费技术支持"; VariantName = "[No Variations]"
Added Component: Designator=E5(C_3528)
Add component. Clean all parameters for all variants
Add component (AddParameter): Name = "BOM名称"; Value = "贴片钽电容"; VariantName = "[No Variations]"
Add component (AddParameter): Name = "当前库版本V2023.10.25 @淘宝卖家:黄晶宝石"; Value = "最新版本发布https://item.taobao.com/item.htm?id=566775463719"; VariantName = "[No Variations]"
Add component (AddParameter): Name = "联系下单店铺卖家 免费帮你查找封装"; Value = "联系下单店铺卖家 免费技术支持"; VariantName = "[No Variations]"
Added Component: Designator=E6(C_3528)
Add component. Clean all parameters for all variants
Add component (AddParameter): Name = "BOM名称"; Value = "贴片钽电容"; VariantName = "[No Variations]"
Add component (AddParameter): Name = "当前库版本V2023.10.25 @淘宝卖家:黄晶宝石"; Value = "最新版本发布https://item.taobao.com/item.htm?id=566775463719"; VariantName = "[No Variations]"
Add component (AddParameter): Name = "联系下单店铺卖家 免费帮你查找封装"; Value = "联系下单店铺卖家 免费技术支持"; VariantName = "[No Variations]"
Added Component: Designator=JP1(CONN-TH_XT60PW-M)
Add component. Clean all parameters for all variants
Add component (AddParameter): Name = "BOM名称"; Value = "2P接插件"; VariantName = "[No Variations]"
Add component (AddParameter): Name = "封装库来自淘宝卖家ID：黄晶宝石"; Value = "其他店铺购入均为盗版封装库，请立即申请退款，本店现金奖励50~200元"; VariantName = "[No Variations]"
Add component (AddParameter): Name = "联系卖家，免费查找封装"; Value = "唯一出售店铺网址https://shop463601444.taobao.com"; VariantName = "[No Variations]"
Added Component: Designator=JP2(CONN-SMD_7P-P2.54_MEGASTAR_ZX-XH2.54-7PWT)
Add component. Clean all parameters for all variants
Add component (AddParameter): Name = "BOM名称"; Value = "7P接插件"; VariantName = "[No Variations]"
Add component (AddParameter): Name = "封装库来自淘宝卖家ID：黄晶宝石"; Value = "其他店铺购入均为盗版封装库，请立即申请退款，本店现金奖励50~200元"; VariantName = "[No Variations]"
Add component (AddParameter): Name = "联系卖家，免费查找封装"; Value = "唯一出售店铺网址https://shop463601444.taobao.com"; VariantName = "[No Variations]"
Added Component: Designator=JP3(CONN-SMD_2P-P2.54_MEGASTAR_ZX-XH2.54-2PWT)
Add component. Clean all parameters for all variants
Add component (AddParameter): Name = "BOM名称"; Value = "2P接插件"; VariantName = "[No Variations]"
Add component (AddParameter): Name = "封装库来自淘宝卖家ID：黄晶宝石"; Value = "其他店铺购入均为盗版封装库，请立即申请退款，本店现金奖励50~200元"; VariantName = "[No Variations]"
Add component (AddParameter): Name = "联系卖家，免费查找封装"; Value = "唯一出售店铺网址https://shop463601444.taobao.com"; VariantName = "[No Variations]"
Added Component: Designator=L1(L-SMD-0630)
Add component. Clean all parameters for all variants
Add component (AddParameter): Name = "BOM名称"; Value = "一体成型电感"; VariantName = "[No Variations]"
Add component (AddParameter): Name = "当前库版本V2023.10.25 @淘宝卖家:黄晶宝石"; Value = "最新版本发布https://item.taobao.com/item.htm?id=566775463719"; VariantName = "[No Variations]"
Add component (AddParameter): Name = "联系下单店铺卖家 免费帮你查找封装"; Value = "联系下单店铺卖家 免费技术支持"; VariantName = "[No Variations]"
Added Component: Designator=L2(L-SMD-0630)
Add component. Clean all parameters for all variants
Add component (AddParameter): Name = "BOM名称"; Value = "一体成型电感"; VariantName = "[No Variations]"
Add component (AddParameter): Name = "当前库版本V2023.10.25 @淘宝卖家:黄晶宝石"; Value = "最新版本发布https://item.taobao.com/item.htm?id=566775463719"; VariantName = "[No Variations]"
Add component (AddParameter): Name = "联系下单店铺卖家 免费帮你查找封装"; Value = "联系下单店铺卖家 免费技术支持"; VariantName = "[No Variations]"
Added Component: Designator=L3(L-SMD-0630)
Add component. Clean all parameters for all variants
Add component (AddParameter): Name = "BOM名称"; Value = "一体成型电感"; VariantName = "[No Variations]"
Add component (AddParameter): Name = "当前库版本V2023.10.25 @淘宝卖家:黄晶宝石"; Value = "最新版本发布https://item.taobao.com/item.htm?id=566775463719"; VariantName = "[No Variations]"
Add component (AddParameter): Name = "联系下单店铺卖家 免费帮你查找封装"; Value = "联系下单店铺卖家 免费技术支持"; VariantName = "[No Variations]"
Added Component: Designator=L4(L-SMD-0630)
Add component. Clean all parameters for all variants
Add component (AddParameter): Name = "BOM名称"; Value = "一体成型电感"; VariantName = "[No Variations]"
Add component (AddParameter): Name = "当前库版本V2023.10.25 @淘宝卖家:黄晶宝石"; Value = "最新版本发布https://item.taobao.com/item.htm?id=566775463719"; VariantName = "[No Variations]"
Add component (AddParameter): Name = "联系下单店铺卖家 免费帮你查找封装"; Value = "联系下单店铺卖家 免费技术支持"; VariantName = "[No Variations]"
Added Component: Designator=L5(L-SMD-0630)
Add component. Clean all parameters for all variants
Add component (AddParameter): Name = "BOM名称"; Value = "一体成型电感"; VariantName = "[No Variations]"
Add component (AddParameter): Name = "当前库版本V2023.10.25 @淘宝卖家:黄晶宝石"; Value = "最新版本发布https://item.taobao.com/item.htm?id=566775463719"; VariantName = "[No Variations]"
Add component (AddParameter): Name = "联系下单店铺卖家 免费帮你查找封装"; Value = "联系下单店铺卖家 免费技术支持"; VariantName = "[No Variations]"
Added Component: Designator=L6(L-SMD-0630)
Add component. Clean all parameters for all variants
Add component (AddParameter): Name = "BOM名称"; Value = "一体成型电感"; VariantName = "[No Variations]"
Add component (AddParameter): Name = "当前库版本V2023.10.25 @淘宝卖家:黄晶宝石"; Value = "最新版本发布https://item.taobao.com/item.htm?id=566775463719"; VariantName = "[No Variations]"
Add component (AddParameter): Name = "联系下单店铺卖家 免费帮你查找封装"; Value = "联系下单店铺卖家 免费技术支持"; VariantName = "[No Variations]"
Added Component: Designator=R1(R0603_L)
Add component. Clean all parameters for all variants
Add component (AddParameter): Name = "BOM名称"; Value = "贴片电阻"; VariantName = "[No Variations]"
Add component (AddParameter): Name = "联系下单店铺卖家 免费帮你查找封装"; Value = "联系下单店铺卖家 免费技术支持"; VariantName = "[No Variations]"
Added Component: Designator=R2(R0603_L)
Add component. Clean all parameters for all variants
Add component (AddParameter): Name = "BOM名称"; Value = "贴片电阻"; VariantName = "[No Variations]"
Add component (AddParameter): Name = "联系下单店铺卖家 免费帮你查找封装"; Value = "联系下单店铺卖家 免费技术支持"; VariantName = "[No Variations]"
Added Component: Designator=R3(R0603_L)
Add component. Clean all parameters for all variants
Add component (AddParameter): Name = "BOM名称"; Value = "贴片电阻"; VariantName = "[No Variations]"
Add component (AddParameter): Name = "联系下单店铺卖家 免费帮你查找封装"; Value = "联系下单店铺卖家 免费技术支持"; VariantName = "[No Variations]"
Added Component: Designator=R4(R0603_L)
Add component. Clean all parameters for all variants
Add component (AddParameter): Name = "BOM名称"; Value = "贴片电阻"; VariantName = "[No Variations]"
Add component (AddParameter): Name = "联系下单店铺卖家 免费帮你查找封装"; Value = "联系下单店铺卖家 免费技术支持"; VariantName = "[No Variations]"
Added Component: Designator=R5(R0603_L)
Add component. Clean all parameters for all variants
Add component (AddParameter): Name = "BOM名称"; Value = "贴片电阻"; VariantName = "[No Variations]"
Add component (AddParameter): Name = "联系下单店铺卖家 免费帮你查找封装"; Value = "联系下单店铺卖家 免费技术支持"; VariantName = "[No Variations]"
Added Component: Designator=R6(R0603_L)
Add component. Clean all parameters for all variants
Add component (AddParameter): Name = "BOM名称"; Value = "贴片电阻"; VariantName = "[No Variations]"
Add component (AddParameter): Name = "联系下单店铺卖家 免费帮你查找封装"; Value = "联系下单店铺卖家 免费技术支持"; VariantName = "[No Variations]"
Added Component: Designator=R7(R0603_L)
Add component. Clean all parameters for all variants
Add component (AddParameter): Name = "BOM名称"; Value = "贴片电阻"; VariantName = "[No Variations]"
Add component (AddParameter): Name = "联系下单店铺卖家 免费帮你查找封装"; Value = "联系下单店铺卖家 免费技术支持"; VariantName = "[No Variations]"
Added Component: Designator=R8(R0603_L)
Add component. Clean all parameters for all variants
Add component (AddParameter): Name = "BOM名称"; Value = "贴片电阻"; VariantName = "[No Variations]"
Add component (AddParameter): Name = "联系下单店铺卖家 免费帮你查找封装"; Value = "联系下单店铺卖家 免费技术支持"; VariantName = "[No Variations]"
Added Component: Designator=R9(R0603_L)
Add component. Clean all parameters for all variants
Add component (AddParameter): Name = "BOM名称"; Value = "贴片电阻"; VariantName = "[No Variations]"
Add component (AddParameter): Name = "联系下单店铺卖家 免费帮你查找封装"; Value = "联系下单店铺卖家 免费技术支持"; VariantName = "[No Variations]"
Added Component: Designator=R10(R0603_L)
Add component. Clean all parameters for all variants
Add component (AddParameter): Name = "BOM名称"; Value = "贴片电阻"; VariantName = "[No Variations]"
Add component (AddParameter): Name = "联系下单店铺卖家 免费帮你查找封装"; Value = "联系下单店铺卖家 免费技术支持"; VariantName = "[No Variations]"
Added Component: Designator=R11(R0603_L)
Add component. Clean all parameters for all variants
Add component (AddParameter): Name = "BOM名称"; Value = "贴片电阻"; VariantName = "[No Variations]"
Add component (AddParameter): Name = "联系下单店铺卖家 免费帮你查找封装"; Value = "联系下单店铺卖家 免费技术支持"; VariantName = "[No Variations]"
Added Component: Designator=R12(R0603_L)
Add component. Clean all parameters for all variants
Add component (AddParameter): Name = "BOM名称"; Value = "贴片电阻"; VariantName = "[No Variations]"
Add component (AddParameter): Name = "联系下单店铺卖家 免费帮你查找封装"; Value = "联系下单店铺卖家 免费技术支持"; VariantName = "[No Variations]"
Added Component: Designator=R13(R0603_L)
Add component. Clean all parameters for all variants
Add component (AddParameter): Name = "BOM名称"; Value = "贴片电阻"; VariantName = "[No Variations]"
Add component (AddParameter): Name = "联系下单店铺卖家 免费帮你查找封装"; Value = "联系下单店铺卖家 免费技术支持"; VariantName = "[No Variations]"
Added Component: Designator=R14(R0603_L)
Add component. Clean all parameters for all variants
Add component (AddParameter): Name = "BOM名称"; Value = "贴片电阻"; VariantName = "[No Variations]"
Add component (AddParameter): Name = "联系下单店铺卖家 免费帮你查找封装"; Value = "联系下单店铺卖家 免费技术支持"; VariantName = "[No Variations]"
Added Component: Designator=R15(R0603_L)
Add component. Clean all parameters for all variants
Add component (AddParameter): Name = "BOM名称"; Value = "贴片电阻"; VariantName = "[No Variations]"
Add component (AddParameter): Name = "联系下单店铺卖家 免费帮你查找封装"; Value = "联系下单店铺卖家 免费技术支持"; VariantName = "[No Variations]"
Added Component: Designator=R16(R0603_L)
Add component. Clean all parameters for all variants
Add component (AddParameter): Name = "BOM名称"; Value = "贴片电阻"; VariantName = "[No Variations]"
Add component (AddParameter): Name = "联系下单店铺卖家 免费帮你查找封装"; Value = "联系下单店铺卖家 免费技术支持"; VariantName = "[No Variations]"
Added Component: Designator=R17(R0603_L)
Add component. Clean all parameters for all variants
Add component (AddParameter): Name = "BOM名称"; Value = "贴片电阻"; VariantName = "[No Variations]"
Add component (AddParameter): Name = "联系下单店铺卖家 免费帮你查找封装"; Value = "联系下单店铺卖家 免费技术支持"; VariantName = "[No Variations]"
Added Component: Designator=R18(R0603_L)
Add component. Clean all parameters for all variants
Add component (AddParameter): Name = "BOM名称"; Value = "贴片电阻"; VariantName = "[No Variations]"
Add component (AddParameter): Name = "联系下单店铺卖家 免费帮你查找封装"; Value = "联系下单店铺卖家 免费技术支持"; VariantName = "[No Variations]"
Added Component: Designator=U1(SOIC-8_EP)
Add component. Clean all parameters for all variants
Add component (AddParameter): Name = "Symbol"; Value = "TPS5430DDAR"; VariantName = "[No Variations]"
Added Component: Designator=U2(SOIC-8_EP)
Add component. Clean all parameters for all variants
Add component (AddParameter): Name = "Symbol"; Value = "TPS5430DDAR"; VariantName = "[No Variations]"
Added Component: Designator=U3(SOIC-8_EP)
Add component. Clean all parameters for all variants
Add component (AddParameter): Name = "Symbol"; Value = "TPS5430DDAR"; VariantName = "[No Variations]"
Added Component: Designator=U4(SOIC-8_EP)
Add component. Clean all parameters for all variants
Add component (AddParameter): Name = "Symbol"; Value = "TPS5430DDAR"; VariantName = "[No Variations]"
Added Component: Designator=U5(SOIC-8_EP)
Add component. Clean all parameters for all variants
Add component (AddParameter): Name = "Symbol"; Value = "TPS5430DDAR"; VariantName = "[No Variations]"
Added Component: Designator=U6(SOIC-8_EP)
Add component. Clean all parameters for all variants
Add component (AddParameter): Name = "Symbol"; Value = "TPS5430DDAR"; VariantName = "[No Variations]"
Added Pin To Net: NetName=+5V_1 Pin=*2-1
Added Pin To Net: NetName=+5V_1 Pin=E2-1
Added Pin To Net: NetName=+5V_1 Pin=JP2-1
Added Pin To Net: NetName=+5V_1 Pin=L2-1
Added Pin To Net: NetName=+5V_1 Pin=R3-2
Added Pin To Net: NetName=+5V_1 Pin=R4-2
Added Net: Name=+5V_1
Added Pin To Net: NetName=+5V_2 Pin=*5-1
Added Pin To Net: NetName=+5V_2 Pin=E3-1
Added Pin To Net: NetName=+5V_2 Pin=JP2-2
Added Pin To Net: NetName=+5V_2 Pin=L3-1
Added Pin To Net: NetName=+5V_2 Pin=R7-2
Added Pin To Net: NetName=+5V_2 Pin=R8-2
Added Net: Name=+5V_2
Added Pin To Net: NetName=+5V_3 Pin=*9-1
Added Pin To Net: NetName=+5V_3 Pin=E5-1
Added Pin To Net: NetName=+5V_3 Pin=JP2-3
Added Pin To Net: NetName=+5V_3 Pin=L5-1
Added Pin To Net: NetName=+5V_3 Pin=R13-2
Added Pin To Net: NetName=+5V_3 Pin=R14-2
Added Net: Name=+5V_3
Added Pin To Net: NetName=+5V_4 Pin=*11-1
Added Pin To Net: NetName=+5V_4 Pin=E6-1
Added Pin To Net: NetName=+5V_4 Pin=JP2-4
Added Pin To Net: NetName=+5V_4 Pin=L6-1
Added Pin To Net: NetName=+5V_4 Pin=R16-2
Added Pin To Net: NetName=+5V_4 Pin=R17-2
Added Net: Name=+5V_4
Added Pin To Net: NetName=+5V_5 Pin=*1-1
Added Pin To Net: NetName=+5V_5 Pin=E1-1
Added Pin To Net: NetName=+5V_5 Pin=JP2-5
Added Pin To Net: NetName=+5V_5 Pin=L1-1
Added Pin To Net: NetName=+5V_5 Pin=R1-2
Added Pin To Net: NetName=+5V_5 Pin=R2-2
Added Net: Name=+5V_5
Added Pin To Net: NetName=+5V_6 Pin=*6-1
Added Pin To Net: NetName=+5V_6 Pin=E4-1
Added Pin To Net: NetName=+5V_6 Pin=JP2-6
Added Pin To Net: NetName=+5V_6 Pin=L4-1
Added Pin To Net: NetName=+5V_6 Pin=R9-2
Added Pin To Net: NetName=+5V_6 Pin=R10-2
Added Net: Name=+5V_6
Added Pin To Net: NetName=GND Pin=C3-1
Added Pin To Net: NetName=GND Pin=C4-1
Added Pin To Net: NetName=GND Pin=C7-1
Added Pin To Net: NetName=GND Pin=C8-1
Added Pin To Net: NetName=GND Pin=C10-1
Added Pin To Net: NetName=GND Pin=C12-1
Added Pin To Net: NetName=GND Pin=D3-1
Added Pin To Net: NetName=GND Pin=D4-1
Added Pin To Net: NetName=GND Pin=D5-2
Added Pin To Net: NetName=GND Pin=D6-2
Added Pin To Net: NetName=GND Pin=D9-1
Added Pin To Net: NetName=GND Pin=D10-1
Added Pin To Net: NetName=GND Pin=D11-2
Added Pin To Net: NetName=GND Pin=D12-2
Added Pin To Net: NetName=GND Pin=D14-1
Added Pin To Net: NetName=GND Pin=D15-2
Added Pin To Net: NetName=GND Pin=D17-1
Added Pin To Net: NetName=GND Pin=D18-2
Added Pin To Net: NetName=GND Pin=E1-2
Added Pin To Net: NetName=GND Pin=E2-2
Added Pin To Net: NetName=GND Pin=E3-2
Added Pin To Net: NetName=GND Pin=E4-2
Added Pin To Net: NetName=GND Pin=E5-2
Added Pin To Net: NetName=GND Pin=E6-2
Added Pin To Net: NetName=GND Pin=JP1-1
Added Pin To Net: NetName=GND Pin=JP2-7
Added Pin To Net: NetName=GND Pin=JP3-1
Added Pin To Net: NetName=GND Pin=R5-1
Added Pin To Net: NetName=GND Pin=R6-1
Added Pin To Net: NetName=GND Pin=R11-1
Added Pin To Net: NetName=GND Pin=R12-1
Added Pin To Net: NetName=GND Pin=R15-1
Added Pin To Net: NetName=GND Pin=R18-1
Added Pin To Net: NetName=GND Pin=U1-6
Added Pin To Net: NetName=GND Pin=U1-9
Added Pin To Net: NetName=GND Pin=U2-6
Added Pin To Net: NetName=GND Pin=U2-9
Added Pin To Net: NetName=GND Pin=U3-6
Added Pin To Net: NetName=GND Pin=U3-9
Added Pin To Net: NetName=GND Pin=U4-6
Added Pin To Net: NetName=GND Pin=U4-9
Added Pin To Net: NetName=GND Pin=U5-6
Added Pin To Net: NetName=GND Pin=U5-9
Added Pin To Net: NetName=GND Pin=U6-6
Added Pin To Net: NetName=GND Pin=U6-9
Added Net: Name=GND
Added Pin To Net: NetName=Net*3_1 Pin=*3-1
Added Pin To Net: NetName=Net*3_1 Pin=*4-1
Added Pin To Net: NetName=Net*3_1 Pin=*7-1
Added Pin To Net: NetName=Net*3_1 Pin=*8-1
Added Pin To Net: NetName=Net*3_1 Pin=*10-1
Added Pin To Net: NetName=Net*3_1 Pin=*12-1
Added Pin To Net: NetName=Net*3_1 Pin=C3-2
Added Pin To Net: NetName=Net*3_1 Pin=C4-2
Added Pin To Net: NetName=Net*3_1 Pin=C7-2
Added Pin To Net: NetName=Net*3_1 Pin=C8-2
Added Pin To Net: NetName=Net*3_1 Pin=C10-2
Added Pin To Net: NetName=Net*3_1 Pin=C12-2
Added Pin To Net: NetName=Net*3_1 Pin=D1-2
Added Pin To Net: NetName=Net*3_1 Pin=D2-2
Added Pin To Net: NetName=Net*3_1 Pin=D7-2
Added Pin To Net: NetName=Net*3_1 Pin=D8-2
Added Pin To Net: NetName=Net*3_1 Pin=D13-2
Added Pin To Net: NetName=Net*3_1 Pin=D16-2
Added Pin To Net: NetName=Net*3_1 Pin=JP1-2
Added Pin To Net: NetName=Net*3_1 Pin=JP3-2
Added Net: Name=Net*3_1
Added Pin To Net: NetName=NetC1_1 Pin=C1-1
Added Pin To Net: NetName=NetC1_1 Pin=U1-1
Added Net: Name=NetC1_1
Added Pin To Net: NetName=NetC1_2 Pin=C1-2
Added Pin To Net: NetName=NetC1_2 Pin=D3-2
Added Pin To Net: NetName=NetC1_2 Pin=L1-2
Added Pin To Net: NetName=NetC1_2 Pin=U1-8
Added Net: Name=NetC1_2
Added Pin To Net: NetName=NetC2_1 Pin=C2-1
Added Pin To Net: NetName=NetC2_1 Pin=U2-1
Added Net: Name=NetC2_1
Added Pin To Net: NetName=NetC2_2 Pin=C2-2
Added Pin To Net: NetName=NetC2_2 Pin=D4-2
Added Pin To Net: NetName=NetC2_2 Pin=L2-2
Added Pin To Net: NetName=NetC2_2 Pin=U2-8
Added Net: Name=NetC2_2
Added Pin To Net: NetName=NetC5_1 Pin=C5-1
Added Pin To Net: NetName=NetC5_1 Pin=U3-1
Added Net: Name=NetC5_1
Added Pin To Net: NetName=NetC5_2 Pin=C5-2
Added Pin To Net: NetName=NetC5_2 Pin=D9-2
Added Pin To Net: NetName=NetC5_2 Pin=L3-2
Added Pin To Net: NetName=NetC5_2 Pin=U3-8
Added Net: Name=NetC5_2
Added Pin To Net: NetName=NetC6_1 Pin=C6-1
Added Pin To Net: NetName=NetC6_1 Pin=U4-1
Added Net: Name=NetC6_1
Added Pin To Net: NetName=NetC6_2 Pin=C6-2
Added Pin To Net: NetName=NetC6_2 Pin=D10-2
Added Pin To Net: NetName=NetC6_2 Pin=L4-2
Added Pin To Net: NetName=NetC6_2 Pin=U4-8
Added Net: Name=NetC6_2
Added Pin To Net: NetName=NetC9_1 Pin=C9-1
Added Pin To Net: NetName=NetC9_1 Pin=U5-1
Added Net: Name=NetC9_1
Added Pin To Net: NetName=NetC9_2 Pin=C9-2
Added Pin To Net: NetName=NetC9_2 Pin=D14-2
Added Pin To Net: NetName=NetC9_2 Pin=L5-2
Added Pin To Net: NetName=NetC9_2 Pin=U5-8
Added Net: Name=NetC9_2
Added Pin To Net: NetName=NetC11_1 Pin=C11-1
Added Pin To Net: NetName=NetC11_1 Pin=U6-1
Added Net: Name=NetC11_1
Added Pin To Net: NetName=NetC11_2 Pin=C11-2
Added Pin To Net: NetName=NetC11_2 Pin=D17-2
Added Pin To Net: NetName=NetC11_2 Pin=L6-2
Added Pin To Net: NetName=NetC11_2 Pin=U6-8
Added Net: Name=NetC11_2
Added Pin To Net: NetName=NetD1_1 Pin=D1-1
Added Pin To Net: NetName=NetD1_1 Pin=U1-7
Added Net: Name=NetD1_1
Added Pin To Net: NetName=NetD2_1 Pin=D2-1
Added Pin To Net: NetName=NetD2_1 Pin=U2-7
Added Net: Name=NetD2_1
Added Pin To Net: NetName=NetD5_1 Pin=D5-1
Added Pin To Net: NetName=NetD5_1 Pin=R2-1
Added Net: Name=NetD5_1
Added Pin To Net: NetName=NetD6_1 Pin=D6-1
Added Pin To Net: NetName=NetD6_1 Pin=R4-1
Added Net: Name=NetD6_1
Added Pin To Net: NetName=NetD7_1 Pin=D7-1
Added Pin To Net: NetName=NetD7_1 Pin=U3-7
Added Net: Name=NetD7_1
Added Pin To Net: NetName=NetD8_1 Pin=D8-1
Added Pin To Net: NetName=NetD8_1 Pin=U4-7
Added Net: Name=NetD8_1
Added Pin To Net: NetName=NetD11_1 Pin=D11-1
Added Pin To Net: NetName=NetD11_1 Pin=R8-1
Added Net: Name=NetD11_1
Added Pin To Net: NetName=NetD12_1 Pin=D12-1
Added Pin To Net: NetName=NetD12_1 Pin=R10-1
Added Net: Name=NetD12_1
Added Pin To Net: NetName=NetD13_1 Pin=D13-1
Added Pin To Net: NetName=NetD13_1 Pin=U5-7
Added Net: Name=NetD13_1
Added Pin To Net: NetName=NetD15_1 Pin=D15-1
Added Pin To Net: NetName=NetD15_1 Pin=R14-1
Added Net: Name=NetD15_1
Added Pin To Net: NetName=NetD16_1 Pin=D16-1
Added Pin To Net: NetName=NetD16_1 Pin=U6-7
Added Net: Name=NetD16_1
Added Pin To Net: NetName=NetD18_1 Pin=D18-1
Added Pin To Net: NetName=NetD18_1 Pin=R17-1
Added Net: Name=NetD18_1
Added Pin To Net: NetName=NetR1_1 Pin=R1-1
Added Pin To Net: NetName=NetR1_1 Pin=R5-2
Added Pin To Net: NetName=NetR1_1 Pin=U1-4
Added Net: Name=NetR1_1
Added Pin To Net: NetName=NetR3_1 Pin=R3-1
Added Pin To Net: NetName=NetR3_1 Pin=R6-2
Added Pin To Net: NetName=NetR3_1 Pin=U2-4
Added Net: Name=NetR3_1
Added Pin To Net: NetName=NetR7_1 Pin=R7-1
Added Pin To Net: NetName=NetR7_1 Pin=R11-2
Added Pin To Net: NetName=NetR7_1 Pin=U3-4
Added Net: Name=NetR7_1
Added Pin To Net: NetName=NetR9_1 Pin=R9-1
Added Pin To Net: NetName=NetR9_1 Pin=R12-2
Added Pin To Net: NetName=NetR9_1 Pin=U4-4
Added Net: Name=NetR9_1
Added Pin To Net: NetName=NetR13_1 Pin=R13-1
Added Pin To Net: NetName=NetR13_1 Pin=R15-2
Added Pin To Net: NetName=NetR13_1 Pin=U5-4
Added Net: Name=NetR13_1
Added Pin To Net: NetName=NetR16_1 Pin=R16-1
Added Pin To Net: NetName=NetR16_1 Pin=R18-2
Added Pin To Net: NetName=NetR16_1 Pin=U6-4
Added Net: Name=NetR16_1
Added Class: Name=LdcPower
Added Room: Name=LdcPower
